Computed on 20191223 branch master: db.BuildAPKs
Size in KB
788	.git
1448	.
Computed on 20191227 branch master: 
488	.git
1616	.
Computed on 20200116 branch master:
3640	.git
3852	.
Computed on 20200116 branch master: RESET
536	.git
748	.
Computed on 20200411 branch master: db.BuildAPKs
2188	.git
2397	.
Computed on 20200411 branch master: RESET
377	.git
618	.
Computed on 20200430 branch master: db.BuildAPKs
1562	.git
1804	.
Computed on 20200430 branch master: RESET
389	.git
637	.
Computed on 20200513 branch master: db.BuildAPKs
1139	.git
1381	.
Computed on 20200513 branch master: RESET
202	.git
396	.
Computed on 20200717 branch master: db.BuildAPKs
Size in KB
1142	.git
1354	.
<!-- CHANGE.log EOF -->
